<?xml version="1.0" encoding="UTF-8"?>
<testng-results skipped="0" failed="0" ignored="0" total="2" passed="2">
  <reporter-output>
  </reporter-output>
  <suite name="Suite" duration-ms="40736" started-at="2021-11-08T21:26:04 IST" finished-at="2021-11-08T21:26:45 IST">
    <groups>
      <group name="cucumber">
        <method signature="AbstractTestNGCucumberTests.feature(cucumber.api.testng.CucumberFeatureWrapper)[pri:0, instance:Runner.TestRunner@578486a3]" name="feature" class="cucumber.api.testng.AbstractTestNGCucumberTests"/>
      </group> <!-- cucumber -->
    </groups>
    <test name="Test" duration-ms="40736" started-at="2021-11-08T21:26:04 IST" finished-at="2021-11-08T21:26:45 IST">
      <class name="Runner.TestRunner">
        <test-method status="PASS" signature="setUpClass()[pri:0, instance:Runner.TestRunner@578486a3]" name="setUpClass" is-config="true" duration-ms="149" started-at="2021-11-08T21:26:04 IST" finished-at="2021-11-08T21:26:04 IST">
          <reporter-output>
          </reporter-output>
        </test-method> <!-- setUpClass -->
        <test-method status="PASS" signature="feature(cucumber.api.testng.CucumberFeatureWrapper)[pri:0, instance:Runner.TestRunner@578486a3]" name="feature" duration-ms="28269" started-at="2021-11-08T21:26:05 IST" description="Runs Cucumber Feature" data-provider="features" finished-at="2021-11-08T21:26:33 IST">
          <params>
            <param index="0">
              <value>
                <![CDATA[Application landing page]]>
              </value>
            </param>
          </params>
          <reporter-output>
          </reporter-output>
        </test-method> <!-- feature -->
        <test-method status="PASS" signature="feature(cucumber.api.testng.CucumberFeatureWrapper)[pri:0, instance:Runner.TestRunner@578486a3]" name="feature" duration-ms="12172" started-at="2021-11-08T21:26:33 IST" description="Runs Cucumber Feature" data-provider="features" finished-at="2021-11-08T21:26:45 IST">
          <params>
            <param index="0">
              <value>
                <![CDATA[adding book to the cart]]>
              </value>
            </param>
          </params>
          <reporter-output>
          </reporter-output>
        </test-method> <!-- feature -->
        <test-method status="PASS" signature="tearDownClass()[pri:0, instance:Runner.TestRunner@578486a3]" name="tearDownClass" is-config="true" duration-ms="35" started-at="2021-11-08T21:26:45 IST" finished-at="2021-11-08T21:26:45 IST">
          <reporter-output>
          </reporter-output>
        </test-method> <!-- tearDownClass -->
      </class> <!-- Runner.TestRunner -->
    </test> <!-- Test -->
  </suite> <!-- Suite -->
</testng-results>
